1558952312089	mozrunner::runner	INFO	Running command: "C:\\Program Files\\Mozilla Firefox\\firefox.exe" "-marionette" "-foreground" "-no-remote" "-profile" "C:\\Users\\USER~1.DES\\AppData\\Local\\Temp\\rust_mozprofile.kuayVjQu4qLv"
1558952320413	mozrunner::runner	INFO	Running command: "C:\\Program Files\\Mozilla Firefox\\firefox.exe" "-marionette" "-foreground" "-no-remote" "-profile" "C:\\Users\\USER~1.DES\\AppData\\Local\\Temp\\rust_mozprofile.eM5ZF60qMDHm"
1558952329838	addons.webextension.screenshots@mozilla.org	WARN	Loading extension 'screenshots@mozilla.org': Reading manifest: Invalid extension permission: mozillaAddons
1558952329839	addons.webextension.screenshots@mozilla.org	WARN	Loading extension 'screenshots@mozilla.org': Reading manifest: Invalid extension permission: resource://pdf.js/
1558952329839	addons.webextension.screenshots@mozilla.org	WARN	Loading extension 'screenshots@mozilla.org': Reading manifest: Invalid extension permission: about:reader*
1558952342635	Marionette	INFO	Listening on port 55550
1558952342862	Marionette	WARN	TLS certificate errors will be ignored for this session
1558952347107	Marionette	INFO	Stopped listening on port 55550
JavaScript error: resource://activity-stream/lib/ActivityStreamPrefs.jsm, line 23: NS_ERROR_ILLEGAL_VALUE: Component returned failure code: 0x80070057 (NS_ERROR_ILLEGAL_VALUE) [nsIPrefBranch.removeObserver]
[Child 10112, Chrome_ChildThread] WARNING: pipe error: 109: file z:/task_1558035249/build/src/ipc/chromium/src/chrome/common/ipc_channel_win.cc, line 341
[Child 10112, [Child 4792, Chrome_ChildThread] WARNING: pipe error: 109: file z:/task_1558035249/build/src/ipc/chromium/src/chrome/common/ipc_channel_win.cc, line 341
[Child 4792, Chrome_ChildThread] WARNING: pipe er[Parent 2352, Gecko_IOThread] WARNING: pipe error: 109: file z:/task_1558035249/build/src/ipc/chromium/src/chrome/common/ipc_channel_win.cc, line 341
[Child 13064, Chrome_ChildThread] WARNING: pipe error: 109: file z:/task_1558035249/build/src/ipc/chromium/src/chrome/common/ipc_channel_win.cc, line 341
[Child 
###!!! [Child][RunMessage] Error: Channel closing: too late to send/recv, messages will be lost

[GPU
###!!! [Child][MessageChannel::SendAndWait] Error: Channel error: cannot send/recv

1558952370492	mozrunner::runner	INFO	Running command: "C:\\Program Files\\Mozilla Firefox\\firefox.exe" "-marionette" "-foreground" "-no-remote" "-profile" "C:\\Users\\USER~1.DES\\AppData\\Local\\Temp\\rust_mozprofile.G6zC0JqzFonB"
1558952371249	addons.webextension.screenshots@mozilla.org	WARN	Loading extension 'screenshots@mozilla.org': Reading manifest: Invalid extension permission: mozillaAddons
1558952371250	addons.webextension.screenshots@mozilla.org	WARN	Loading extension 'screenshots@mozilla.org': Reading manifest: Invalid extension permission: resource://pdf.js/
1558952371250	addons.webextension.screenshots@mozilla.org	WARN	Loading extension 'screenshots@mozilla.org': Reading manifest: Invalid extension permission: about:reader*
1558952375852	Marionette	INFO	Listening on port 55673
1558952375998	Marionette	WARN	TLS certificate errors will be ignored for this session
1558952416974	Marionette	INFO	Stopped listening on port 55673
[Parent 6148, Gecko_IOThread] WARNING: pipe error: 109: file z:/task_1558035249/build/src/ipc/chromium/src/chrome/common/ipc_channel_win.cc, line 341
[Child 3536, Chrome_ChildThread] WARNING: pipe error: 109: file z:/task_1558035249/build/src/ipc/chromium/src/chrome/common/ipc_channel_win.cc, line 341
[Child 3[Parent 6148, Gecko_IOThread] WARNING: pipe error: 109: file z:/task_1558035249/build/src/ipc/chromium/src/chrome/common/ipc_channel_win.cc, line 341
[Child 8272, Chrome_ChildThread] WARNING: pipe error: 109: file z:/task_1558035249/build/src/ipc/chromium/src/chrome/common/ipc_channel_win.cc, line 341
[Child 8272, Chrome_Chil
###!!! [Child][RunMessage] Error: Channel closing: too late to send/recv, messages will be lost

[GP
###!!! [Child][MessageChannel::SendAndWait] Error: Channel error: cannot send/recv

1558952710946	mozrunner::runner	INFO	Running command: "C:\\Program Files\\Mozilla Firefox\\firefox.exe" "-marionette" "-foreground" "-no-remote" "-profile" "C:\\Users\\USER~1.DES\\AppData\\Local\\Temp\\rust_mozprofile.kXFwKbw5sYxo"
1558952713317	addons.webextension.screenshots@mozilla.org	WARN	Loading extension 'screenshots@mozilla.org': Reading manifest: Invalid extension permission: mozillaAddons
1558952713319	addons.webextension.screenshots@mozilla.org	WARN	Loading extension 'screenshots@mozilla.org': Reading manifest: Invalid extension permission: resource://pdf.js/
1558952713319	addons.webextension.screenshots@mozilla.org	WARN	Loading extension 'screenshots@mozilla.org': Reading manifest: Invalid extension permission: about:reader*
1558952718150	Marionette	INFO	Listening on port 56026
[Child 12660, Chrome_ChildThread] WARNING: pipe error: 109: file z:/task_1558035249/build/src/ipc/chromium/src/chrome/common/ipc_channel_win.cc, line 341
[Child 12660, Chrome_ChildThread] WARNING: p[Parent 12148, Gecko_IOThread] WARNING: pipe error: 109: file z:/task_1558035249/build/src/ipc/chromium/src/chrome/common/ipc_channel_win.cc, line 341
[Child 14136, Chrome_ChildThread] WARNING: pipe error: 109: file z:/task_1558035249/build/src/ipc/chromium/src/chrome/common/ipc_channel_win.cc, line 341
[Child 1558952741481	Marionette	INFO	Stopped listening on port 56026

###!!! [Child][MessageChannel::SendAndWait] Error: Channel error: cannot send/recv

eenshots@mozilla.org': Reading manifest: Invalid extension permission: about:reader*
1558952743259	Marionette	INFO	Listening on port 56077
1558952743373	Marionette	WARN	TLS certificate errors will be ignored for this session
console.error: BroadcastService: 
  receivedBroadcastMessage: handler for
  remote-settings/monitor_changes
  threw error:
  Message: Error: Polling for changes failed: http://%(server)s/dummy/blocklist//buckets/monitor/collections/changes/records?_expected=%221558868765210%22 is not a valid URL..
  Stack:
    remoteSettingsFunction/remoteSettings.pollChanges@resource://services-settings/remote-settings.js:203:13

1558952786224	Marionette	INFO	Stopped listening on port 56077
[Parent 8108, Gecko_IOThread] WARNING: pipe error: 109: file z:/task_1558035249/build/src/ipc/chromium/src/chrome/common/ipc_channel_win.cc, line 341
[Child 7936, Chrome_ChildThread] WARNING: pipe error: 109: file z:/task_1558035249/build/src/ipc/chromium/src/chrome/common/ipc_channel_win.cc, line 341
[Child 7936, Chrome_C[Parent 8108, Gecko_IOThread] WARNING: pipe error: 109: file z:/task_1558035249/build/src/ipc/chromium/src/chrome/common/ipc_channel_win.cc, line 341
[Child 3864, Chrome_ChildThread] WARNING: pipe error: 109: file z:/task_1558035249/build/src/ipc/chromium/src/chrome/common/ipc_channel_win.cc, line 341
[Child[GPU 11644, 
###!!! [Child][RunMessage] Error: Channel closing: too late to send/recv, messages will be lost


###!!! [Child][MessageChannel::SendAndWait] Error: Channel error: cannot send/recv

1558953083069	mozrunner::runner	INFO	Running command: "C:\\Program Files\\Mozilla Firefox\\firefox.exe" "-marionette" "-foreground" "-no-remote" "-profile" "C:\\Users\\USER~1.DES\\AppData\\Local\\Temp\\rust_mozprofile.kDi0TgUDZgxq"
1558953084760	addons.webextension.screenshots@mozilla.org	WARN	Loading extension 'screenshots@mozilla.org': Reading manifest: Invalid extension permission: mozillaAddons
1558953084760	addons.webextension.screenshots@mozilla.org	WARN	Loading extension 'screenshots@mozilla.org': Reading manifest: Invalid extension permission: resource://pdf.js/
1558953084760	addons.webextension.screenshots@mozilla.org	WARN	Loading extension 'screenshots@mozilla.org': Reading manifest: Invalid extension permission: about:reader*
1558953089462	Marionette	INFO	Listening on port 56450
1558953089608	Marionette	WARN	TLS certificate errors will be ignored for this session
JavaScript error: resource://gre/modules/WebProgressChild.jsm, line 61: TypeError: this.mm.content is null
[Parent 3032, Gecko_IOThread] WARNING: pipe error: 109: file z:/task_1558035249/build/src/ipc/chromium/src/chrome/common/ipc_channel_win.cc, line 341
[Parent 3032, Gecko_IOThread] WARNING: pipe error: 109: file z:/task_1558035249/build/src/ipc/chromium/src/chrome/common/ipc_channel_win.cc, line 341

###!!! [Child][MessageChannel] Error: (msgtype=0x610027,name=PNecko::Msg_RemoveRequestContext) Channel closing: too late to send/recv, messages will be lost

[Child[Child 4244, Chrome_ChildThread] WARNING: pipe error: 109: file z:/task_1558035249/build/src/ipc/chromium/src/chrome/common/ipc_channel_win.cc, line 341
[Child 41558953101196	Marionette	INFO	Stopped listening on port 56450

###!!! [Child][RunMessage] Error: Channel closing: too late to send/recv, messages will be lost

[GP
###!!! [Child][MessageChannel::SendAndWait] Error: Channel error: cannot send/recv

1568352168944	mozrunner::runner	INFO	Running command: "C:\\Program Files\\Mozilla Firefox\\firefox.exe" "-marionette" "-foreground" "-no-remote" "-profile" "C:\\Users\\USER~1.DES\\AppData\\Local\\Temp\\rust_mozprofile.pbtJW6zwjQ44"
1568352202450	mozrunner::runner	INFO	Running command: "C:\\Program Files\\Mozilla Firefox\\firefox.exe" "-marionette" "-foreground" "-no-remote" "-profile" "C:\\Users\\USER~1.DES\\AppData\\Local\\Temp\\rust_mozprofile.VoPVi4bbeVy0"
1568352204014	addons.webextension.screenshots@mozilla.org	WARN	Loading extension 'screenshots@mozilla.org': Reading manifest: Invalid extension permission: mozillaAddons
1568352204014	addons.webextension.screenshots@mozilla.org	WARN	Loading extension 'screenshots@mozilla.org': Reading manifest: Invalid extension permission: telemetry
1568352204014	addons.webextension.screenshots@mozilla.org	WARN	Loading extension 'screenshots@mozilla.org': Reading manifest: Invalid extension permission: resource://pdf.js/
1568352204014	addons.webextension.screenshots@mozilla.org	WARN	Loading extension 'screenshots@mozilla.org': Reading manifest: Invalid extension permission: about:reader*
1568352210232	Marionette	INFO	Listening on port 53043
1568352210416	Marionette	WARN	TLS certificate errors will be ignored for this session
1568352215727	Marionette	INFO	Stopped listening on port 53043
JavaScript error: resource://activity-stream/lib/ActivityStreamPrefs.jsm, line 23: NS_ERROR_ILLEGAL_VALUE: Component returned failure code: 0x80070057 (NS_ERROR_ILLEGAL_VALUE) [nsIPrefBranch.removeObserver]
[Parent 5376, Gecko_IOThread] WARNING: pipe error: 109: file z:/task_1563383129/build/src/ipc/chromium/src/chrome/common/ipc_channel_win.cc, line 341
[Child 4812, Chrome_ChildThread] WARNING: pipe error: 109: file z:/task_1563383129/build/src/ipc/chromium/src/chrome/common/ipc_channel_win.cc, line 341
[Child 4812, ChJavaScript error: resource://gre/modules/UrlClassifierListManager.jsm, line 601: TypeError: this.tablesData[table] is undefined
[Parent 5376, Gecko_IOThread] WARNING: pipe error: 109: file z:/task_1563383129/build/src/ipc/chromium/src/chrome/common/ipc_channel_win.cc, line 341
[Child 8928, Chrome_ChildThread] WARNING: pipe error: 109: file z:/task_1563383129/build/src/ipc/chromium/src/chrome/common/ipc_channel_win.cc, line 341
[Child 8928,
###!!! [Child][MessageChannel::SendAndWait] Error: Channel error: cannot send/recv

1568352232094	mozrunner::runner	INFO	Running command: "C:\\Program Files\\Mozilla Firefox\\firefox.exe" "-marionette" "-foreground" "-no-remote" "-profile" "C:\\Users\\USER~1.DES\\AppData\\Local\\Temp\\rust_mozprofile.w3fkX1mrbvdU"
1568352233583	addons.webextension.screenshots@mozilla.org	WARN	Loading extension 'screenshots@mozilla.org': Reading manifest: Invalid extension permission: mozillaAddons
1568352233583	addons.webextension.screenshots@mozilla.org	WARN	Loading extension 'screenshots@mozilla.org': Reading manifest: Invalid extension permission: telemetry
1568352233583	addons.webextension.screenshots@mozilla.org	WARN	Loading extension 'screenshots@mozilla.org': Reading manifest: Invalid extension permission: resource://pdf.js/
1568352233584	addons.webextension.screenshots@mozilla.org	WARN	Loading extension 'screenshots@mozilla.org': Reading manifest: Invalid extension permission: about:reader*
1568352238447	Marionette	INFO	Listening on port 53169
1568352238675	Marionette	WARN	TLS certificate errors will be ignored for this session
1568352241544	Marionette	INFO	Stopped listening on port 53169
JavaScript error: resource://activity-stream/lib/ActivityStreamPrefs.jsm, line 23: NS_ERROR_ILLEGAL_VALUE: Component returned failure code: 0x80070057 (NS_ERROR_ILLEGAL_VALUE) [nsIPrefBranch.removeObserver]
[Parent 1400, Gecko_IOThread] WARNING: pipe error: 109: file z:/task_1563383129/build/src/ipc/chromium/src/chrome/common/ipc_channel_win.cc, line 341
[Child 1120, Chrome_ChildThread] WARNING: pipe error: 109: file z:/task_1563383129/build/src/ipc/chromium/src/chrome/common/ipc_channel_win.cc, line 341
[Child 1120, [Parent 1400, Gecko_IOThread] WARNING: pipe error: 109: file z:/task_1563383129/build/src/ipc/chromium/src/chrome/common/ipc_channel_win.cc, line 341
[Child 1548, Chrome_ChildThread] WARNING: pipe error: 109: file z:/task_1563383129/build/src/ipc/chromium/src/chrome/common/ipc_channel_win.cc, line 341
[Child 154
###!!! [Child][RunMessage] Error: Channel closing: too late to send/recv, messages will be lost

[GPU 
###!!! [Child][MessageChannel::SendAndWait] Error: Channel error: cannot send/recv

1568353869154	mozrunner::runner	INFO	Running command: "C:\\Program Files\\Mozilla Firefox\\firefox.exe" "-marionette" "-foreground" "-no-remote" "-profile" "C:\\Users\\USER~1.DES\\AppData\\Local\\Temp\\rust_mozprofile.Wfuz3J6Ms9Bs"
1568353870323	addons.webextension.screenshots@mozilla.org	WARN	Loading extension 'screenshots@mozilla.org': Reading manifest: Invalid extension permission: mozillaAddons
1568353870324	addons.webextension.screenshots@mozilla.org	WARN	Loading extension 'screenshots@mozilla.org': Reading manifest: Invalid extension permission: telemetry
1568353870324	addons.webextension.screenshots@mozilla.org	WARN	Loading extension 'screenshots@mozilla.org': Reading manifest: Invalid extension permission: resource://pdf.js/
1568353870324	addons.webextension.screenshots@mozilla.org	WARN	Loading extension 'screenshots@mozilla.org': Reading manifest: Invalid extension permission: about:reader*
1568353875261	Marionette	INFO	Listening on port 53817
1568353875756	Marionette	WARN	TLS certificate errors will be ignored for this session
1568353877154	Marionette	INFO	Stopped listening on port 53817
JavaScript error: resource://activity-stream/lib/ActivityStreamPrefs.jsm, line 23: NS_ERROR_ILLEGAL_VALUE: Component returned failure code: 0x80070057 (NS_ERROR_ILLEGAL_VALUE) [nsIPrefBranch.removeObserver]
[Child 2504, Chrome_ChildThread] WARNING: pipe error: 109: file z:/task_1563383129/build/src/ipc/chromium/src/chrome/common/ipc_channel_win.cc, line 341
[Child 2504, Chrome_C[Parent 3320, Gecko_IOThread] WARNING: pipe error: 109: file z:/task_1563383129/build/src/ipc/chromium/src/chrome/common/ipc_channel_win.cc, line 341
[Child 5952, Chrome_ChildThread] WARNING: pipe error: 109: file z:/task_1563383129/build/src/ipc/chromium/src/chrome/common/ipc_channel_win.cc, line 341
[Child 5952, Ch1568353880487	addons.xpi	WARN	Addon with ID amazondotcom@search.mozilla.org already installed, older version will be disabled
1568353880489	addons.xpi-utils	WARN	Error: XPI database modified after shutdown began(resource://gre/modules/addons/XPIDatabase.jsm:1326:17) JS Stack trace: saveChanges@XPIDatabase.jsm:1326:17
makeAddonVisible@XPIDatabase.jsm:2067:10
addToDatabase@XPIDatabase.jsm:1996:12
install@XPIInstall.jsm:3857:27
update@XPIProvider.jsm:1982:13
1568353880489	addons.xpi-utils	WARN	Error: XPI database modified after shutdown began(resource://gre/modules/addons/XPIDatabase.jsm:1326:17) JS Stack trace: saveChanges@XPIDatabase.jsm:1326:17
addToDatabase@XPIDatabase.jsm:1999:10
install@XPIInstall.jsm:3857:27
update@XPIProvider.jsm:1982:13
1568353880491	addons.xpi-utils	WARN	Error: XPI database modified after shutdown began(resource://gre/modules/addons/XPIDatabase.jsm:1326:17) JS Stack trace: saveChanges@XPIDatabase.jsm:1326:17
syncWithDB@XPIProvider.jsm:640:25
addAddon@XPIProvider.jsm:773:14
addAddon@XPIProvider.jsm:1546:21
install@XPIInstall.jsm:3859:17
update@XPIProvider.jsm:1982:13
1568353880520	addons.xpi	WARN	Addon with ID bing@search.mozilla.org already installed, older version will be disabled
1568353880520	addons.xpi-utils	WARN	Error: XPI database modified after shutdown began(resource://gre/modules/addons/XPIDatabase.jsm:1326:17) JS Stack trace: saveChanges@XPIDatabase.jsm:1326:17
makeAddonVisible@XPIDatabase.jsm:2067:10
addToDatabase@XPIDatabase.jsm:1996:12
install@XPIInstall.jsm:3857:27
update@XPIProvider.jsm:1982:13
1568353880520	addons.xpi-utils	WARN	Error: XPI database modified after shutdown began(resource://gre/modules/addons/XPIDatabase.jsm:1326:17) JS Stack trace: saveChanges@XPIDatabase.jsm:1326:17
addToDatabase@XPIDatabase.jsm:1999:10
install@XPIInstall.jsm:3857:27
update@XPIProvider.jsm:1982:13
1568353880522	addons.xpi-utils	WARN	Error: XPI database modified after shutdown began(resource://gre/modules/addons/XPIDatabase.jsm:1326:17) JS Stack trace: saveChanges@XPIDatabase.jsm:1326:17
syncWithDB@XPIProvider.jsm:640:25
addAddon@XPIProvider.jsm:773:14
addAddon@XPIProvider.jsm:1546:21
install@XPIInstall.jsm:3859:17
update@XPIProvider.jsm:1982:13
1568353880544	addons.xpi	WARN	Addon with ID google@search.mozilla.org already installed, older version will be disabled
1568353880544	addons.xpi-utils	WARN	Error: XPI database modified after shutdown began(resource://gre/modules/addons/XPIDatabase.jsm:1326:17) JS Stack trace: saveChanges@XPIDatabase.jsm:1326:17
makeAddonVisible@XPIDatabase.jsm:2067:10
addToDatabase@XPIDatabase.jsm:1996:12
install@XPIInstall.jsm:3857:27
update@XPIProvider.jsm:1982:13
1568353880544	addons.xpi-utils	WARN	Error: XPI database modified after shutdown began(resource://gre/modules/addons/XPIDatabase.jsm:1326:17) JS Stack trace: saveChanges@XPIDatabase.jsm:1326:17
addToDatabase@XPIDatabase.jsm:1999:10
install@XPIInstall.jsm:3857:27
update@XPIProvider.jsm:1982:13
1568353880545	addons.xpi-utils	WARN	Error: XPI database modified after shutdown began(resource://gre/modules/addons/XPIDatabase.jsm:1326:17) JS Stack trace: saveChanges@XPIDatabase.jsm:1326:17
syncWithDB@XPIProvider.jsm:640:25
addAddon@XPIProvider.jsm:773:14
addAddon@XPIProvider.jsm:1546:21
install@XPIInstall.jsm:3859:17
update@XPIProvider.jsm:1982:13
1568353880570	addons.xpi	WARN	Addon with ID twitter@search.mozilla.org already installed, older version will be disabled
1568353880570	addons.xpi-utils	WARN	Error: XPI database modified after shutdown began(resource://gre/modules/addons/XPIDatabase.jsm:1326:17) JS Stack trace: saveChanges@XPIDatabase.jsm:1326:17
makeAddonVisible@XPIDatabase.jsm:2067:10
addToDatabase@XPIDatabase.jsm:1996:12
install@XPIInstall.jsm:3857:27
update@XPIProvider.jsm:1982:13
1568353880570	addons.xpi-utils	WARN	Error: XPI database modified after shutdown began(resource://gre/modules/addons/XPIDatabase.jsm:1326:17) JS Stack trace: saveChanges@XPIDatabase.jsm:1326:17
addToDatabase@XPIDatabase.jsm:1999:10
install@XPIInstall.jsm:3857:27
update@XPIProvider.jsm:1982:13
1568353880571	addons.xpi-utils	WARN	Error: XPI database modified after shutdown began(resource://gre/modules/addons/XPIDatabase.jsm:1326:17) JS Stack trace: saveChanges@XPIDatabase.jsm:1326:17
syncWithDB@XPIProvider.jsm:640:25
addAddon@XPIProvider.jsm:773:14
addAddon@XPIProvider.jsm:1546:21
install@XPIInstall.jsm:3859:17
update@XPIProvider.jsm:1982:13
1568353880630	addons.xpi	WARN	Addon with ID wikipedia@search.mozilla.org already installed, older version will be disabled
1568353880631	addons.xpi-utils	WARN	Error: XPI database modified after shutdown began(resource://gre/modules/addons/XPIDatabase.jsm:1326:17) JS Stack trace: saveChanges@XPIDatabase.jsm:1326:17
makeAddonVisible@XPIDatabase.jsm:2067:10
addToDatabase@XPIDatabase.jsm:1996:12
install@XPIInstall.jsm:3857:27
update@XPIProvider.jsm:1982:13
1568353880631	addons.xpi-utils	WARN	Error: XPI database modified after shutdown began(resource://gre/modules/addons/XPIDatabase.jsm:1326:17) JS Stack trace: saveChanges@XPIDatabase.jsm:1326:17
addToDatabase@XPIDatabase.jsm:1999:10
install@XPIInstall.jsm:3857:27
update@XPIProvider.jsm:1982:13
1568353880632	addons.xpi-utils	WARN	Error: XPI database modified after shutdown began(resource://gre/modules/addons/XPIDatabase.jsm:1326:17) JS Stack trace: saveChanges@XPIDatabase.jsm:1326:17
syncWithDB@XPIProvider.jsm:640:25
addAddon@XPIProvider.jsm:773:14
addAddon@XPIProvider.jsm:1546:21
install@XPIInstall.jsm:3859:17
update@XPIProvider.jsm:1982:13
1568353880656	addons.xpi	WARN	Addon with ID ddg@search.mozilla.org already installed, older version will be disabled
1568353880656	addons.xpi-utils	WARN	Error: XPI database modified after shutdown began(resource://gre/modules/addons/XPIDatabase.jsm:1326:17) JS Stack trace: saveChanges@XPIDatabase.jsm:1326:17
makeAddonVisible@XPIDatabase.jsm:2067:10
addToDatabase@XPIDatabase.jsm:1996:12
install@XPIInstall.jsm:3857:27
update@XPIProvider.jsm:1982:13
1568353880657	addons.xpi-utils	WARN	Error: XPI database modified after shutdown began(resource://gre/modules/addons/XPIDatabase.jsm:1326:17) JS Stack trace: saveChanges@XPIDatabase.jsm:1326:17
addToDatabase@XPIDatabase.jsm:1999:10
install@XPIInstall.jsm:3857:27
update@XPIProvider.jsm:1982:13
1568353880658	addons.xpi-utils	WARN	Error: XPI database modified after shutdown began(resource://gre/modules/addons/XPIDatabase.jsm:1326:17) JS Stack trace: saveChanges@XPIDatabase.jsm:1326:17
syncWithDB@XPIProvider.jsm:640:25
addAddon@XPIProvider.jsm:773:14
addAddon@XPIProvider.jsm:1546:21
install@XPIInstall.jsm:3859:17
update@XPIProvider.jsm:1982:13
[Parent 3320, Gecko_IOThread] WARNING: pipe error: 109: file z:/task_1563383129/build/src/ipc/chromium/src/chrome/common/ipc_channel_win.cc, line 341
[Child 9124, Chrome_ChildThread] WARNING: pipe error: 109: file z:/task_1563383129/build/src/ipc/chromium/src/chrome/common/ipc_channel_win.cc, line 341
[Child 912
###!!! [Child][RunMessage] Error: Channel closing: too late to send/recv, messages will be lost

[GPU
###!!! [Child][MessageChannel::SendAndWait] Error: Channel error: cannot send/recv

1568354000137	mozrunner::runner	INFO	Running command: "C:\\Program Files\\Mozilla Firefox\\firefox.exe" "-marionette" "-foreground" "-no-remote" "-profile" "C:\\Users\\USER~1.DES\\AppData\\Local\\Temp\\rust_mozprofile.MjemRWnURxji"
1568354001561	addons.webextension.screenshots@mozilla.org	WARN	Loading extension 'screenshots@mozilla.org': Reading manifest: Invalid extension permission: mozillaAddons
1568354001561	addons.webextension.screenshots@mozilla.org	WARN	Loading extension 'screenshots@mozilla.org': Reading manifest: Invalid extension permission: telemetry
1568354001561	addons.webextension.screenshots@mozilla.org	WARN	Loading extension 'screenshots@mozilla.org': Reading manifest: Invalid extension permission: resource://pdf.js/
1568354001562	addons.webextension.screenshots@mozilla.org	WARN	Loading extension 'screenshots@mozilla.org': Reading manifest: Invalid extension permission: about:reader*
1568354006272	Marionette	INFO	Listening on port 53951
1568354006755	Marionette	WARN	TLS certificate errors will be ignored for this session
1568354008675	Marionette	INFO	Stopped listening on port 53951
JavaScript error: resource://activity-stream/lib/ActivityStreamPrefs.jsm, line 23: NS_ERROR_ILLEGAL_VALUE: Component returned failure code: 0x80070057 (NS_ERROR_ILLEGAL_VALUE) [nsIPrefBranch.removeObserver]
[Parent 7216, Gecko_IOThread] WARNING: pipe error: 109: file z:/task_1563383129/build/src/ipc/chromium/src/chrome/common/ipc_channel_win.cc, line 341
[Parent 7216, Gecko_IOThread] WARNING: pipe error: 109: file z:/task_1563383129/build/src/ipc/chromium/src/chrome/common/ipc_channel_win.cc, line 341

###!!! [Child][MessageChannel] Error: (msgtype=0x530005,name=PHttpChannel::Msg_Cancel) Closed channel: cannot send/recv

1568354010651	addons.xpi	WARN	Addon with ID amazondotcom@search.mozilla.org already installed, older version will be disabled
1568354010654	addons.xpi-utils	WARN	Error: XPI database modified after shutdown began(resource://gre/modules/addons/XPIDatabase.jsm:1326:17) JS Stack trace: saveChanges@XPIDatabase.jsm:1326:17
makeAddonVisible@XPIDatabase.jsm:2067:10
addToDatabase@XPIDatabase.jsm:1996:12
install@XPIInstall.jsm:3857:27
update@XPIProvider.jsm:1982:13
1568354010654	addons.xpi-utils	WARN	Error: XPI database modified after shutdown began(resource://gre/modules/addons/XPIDatabase.jsm:1326:17) JS Stack trace: saveChanges@XPIDatabase.jsm:1326:17
addToDatabase@XPIDatabase.jsm:1999:10
install@XPIInstall.jsm:3857:27
update@XPIProvider.jsm:1982:13
1568354010658	addons.xpi-utils	WARN	Error: XPI database modified after shutdown began(resource://gre/modules/addons/XPIDatabase.jsm:1326:17) JS Stack trace: saveChanges@XPIDatabase.jsm:1326:17
syncWithDB@XPIProvider.jsm:640:25
addAddon@XPIProvider.jsm:773:14
addAddon@XPIProvider.jsm:1546:21
install@XPIInstall.jsm:3859:17
update@XPIProvider.jsm:1982:13
1568354010725	addons.xpi	WARN	Addon with ID bing@search.mozilla.org already installed, older version will be disabled
1568354010726	addons.xpi-utils	WARN	Error: XPI database modified after shutdown began(resource://gre/modules/addons/XPIDatabase.jsm:1326:17) JS Stack trace: saveChanges@XPIDatabase.jsm:1326:17
makeAddonVisible@XPIDatabase.jsm:2067:10
addToDatabase@XPIDatabase.jsm:1996:12
install@XPIInstall.jsm:3857:27
update@XPIProvider.jsm:1982:13
1568354010727	addons.xpi-utils	WARN	Error: XPI database modified after shutdown began(resource://gre/modules/addons/XPIDatabase.jsm:1326:17) JS Stack trace: saveChanges@XPIDatabase.jsm:1326:17
addToDatabase@XPIDatabase.jsm:1999:10
install@XPIInstall.jsm:3857:27
update@XPIProvider.jsm:1982:13
1568354010728	addons.xpi-utils	WARN	Error: XPI database modified after shutdown began(resource://gre/modules/addons/XPIDatabase.jsm:1326:17) JS Stack trace: saveChanges@XPIDatabase.jsm:1326:17
syncWithDB@XPIProvider.jsm:640:25
addAddon@XPIProvider.jsm:773:14
addAddon@XPIProvider.jsm:1546:21
install@XPIInstall.jsm:3859:17
update@XPIProvider.jsm:1982:13
1568354010782	addons.xpi	WARN	Addon with ID google@search.mozilla.org already installed, older version will be disabled
1568354010784	addons.xpi-utils	WARN	Error: XPI database modified after shutdown began(resource://gre/modules/addons/XPIDatabase.jsm:1326:17) JS Stack trace: saveChanges@XPIDatabase.jsm:1326:17
makeAddonVisible@XPIDatabase.jsm:2067:10
addToDatabase@XPIDatabase.jsm:1996:12
install@XPIInstall.jsm:3857:27
update@XPIProvider.jsm:1982:13
1568354010785	addons.xpi-utils	WARN	Error: XPI database modified after shutdown began(resource://gre/modules/addons/XPIDatabase.jsm:1326:17) JS Stack trace: saveChanges@XPIDatabase.jsm:1326:17
addToDatabase@XPIDatabase.jsm:1999:10
install@XPIInstall.jsm:3857:27
update@XPIProvider.jsm:1982:13
1568354010786	addons.xpi-utils	WARN	Error: XPI database modified after shutdown began(resource://gre/modules/addons/XPIDatabase.jsm:1326:17) JS Stack trace: saveChanges@XPIDatabase.jsm:1326:17
syncWithDB@XPIProvider.jsm:640:25
addAddon@XPIProvider.jsm:773:14
addAddon@XPIProvider.jsm:1546:21
install@XPIInstall.jsm:3859:17
update@XPIProvider.jsm:1982:13
1568354010839	addons.xpi	WARN	Addon with ID twitter@search.mozilla.org already installed, older version will be disabled
1568354010843	addons.xpi-utils	WARN	Error: XPI database modified after shutdown began(resource://gre/modules/addons/XPIDatabase.jsm:1326:17) JS Stack trace: saveChanges@XPIDatabase.jsm:1326:17
makeAddonVisible@XPIDatabase.jsm:2067:10
addToDatabase@XPIDatabase.jsm:1996:12
install@XPIInstall.jsm:3857:27
update@XPIProvider.jsm:1982:13
1568354010844	addons.xpi-utils	WARN	Error: XPI database modified after shutdown began(resource://gre/modules/addons/XPIDatabase.jsm:1326:17) JS Stack trace: saveChanges@XPIDatabase.jsm:1326:17
addToDatabase@XPIDatabase.jsm:1999:10
install@XPIInstall.jsm:3857:27
update@XPIProvider.jsm:1982:13
1568354010845	addons.xpi-utils	WARN	Error: XPI database modified after shutdown began(resource://gre/modules/addons/XPIDatabase.jsm:1326:17) JS Stack trace: saveChanges@XPIDatabase.jsm:1326:17
syncWithDB@XPIProvider.jsm:640:25
addAddon@XPIProvider.jsm:773:14
addAddon@XPIProvider.jsm:1546:21
install@XPIInstall.jsm:3859:17
update@XPIProvider.jsm:1982:13
1568354010980	addons.xpi	WARN	Addon with ID wikipedia@search.mozilla.org already installed, older version will be disabled
1568354010983	addons.xpi-utils	WARN	Error: XPI database modified after shutdown began(resource://gre/modules/addons/XPIDatabase.jsm:1326:17) JS Stack trace: saveChanges@XPIDatabase.jsm:1326:17
makeAddonVisible@XPIDatabase.jsm:2067:10
addToDatabase@XPIDatabase.jsm:1996:12
install@XPIInstall.jsm:3857:27
update@XPIProvider.jsm:1982:13
1568354010983	addons.xpi-utils	WARN	Error: XPI database modified after shutdown began(resource://gre/modules/addons/XPIDatabase.jsm:1326:17) JS Stack trace: saveChanges@XPIDatabase.jsm:1326:17
addToDatabase@XPIDatabase.jsm:1999:10
install@XPIInstall.jsm:3857:27
update@XPIProvider.jsm:1982:13
1568354010986	addons.xpi-utils	WARN	Error: XPI database modified after shutdown began(resource://gre/modules/addons/XPIDatabase.jsm:1326:17) JS Stack trace: saveChanges@XPIDatabase.jsm:1326:17
syncWithDB@XPIProvider.jsm:640:25
addAddon@XPIProvider.jsm:773:14
addAddon@XPIProvider.jsm:1546:21
install@XPIInstall.jsm:3859:17
update@XPIProvider.jsm:1982:13
1568354011044	addons.xpi	WARN	Addon with ID ddg@search.mozilla.org already installed, older version will be disabled
1568354011046	addons.xpi-utils	WARN	Error: XPI database modified after shutdown began(resource://gre/modules/addons/XPIDatabase.jsm:1326:17) JS Stack trace: saveChanges@XPIDatabase.jsm:1326:17
makeAddonVisible@XPIDatabase.jsm:2067:10
addToDatabase@XPIDatabase.jsm:1996:12
install@XPIInstall.jsm:3857:27
update@XPIProvider.jsm:1982:13
1568354011046	addons.xpi-utils	WARN	Error: XPI database modified after shutdown began(resource://gre/modules/addons/XPIDatabase.jsm:1326:17) JS Stack trace: saveChanges@XPIDatabase.jsm:1326:17
addToDatabase@XPIDatabase.jsm:1999:10
install@XPIInstall.jsm:3857:27
update@XPIProvider.jsm:1982:13
1568354011049	addons.xpi-utils	WARN	Error: XPI database modified after shutdown began(resource://gre/modules/addons/XPIDatabase.jsm:1326:17) JS Stack trace: saveChanges@XPIDatabase.jsm:1326:17
syncWithDB@XPIProvider.jsm:640:25
addAddon@XPIProvider.jsm:773:14
addAddon@XPIProvider.jsm:1546:21
install@XPIInstall.jsm:3859:17
update@XPIProvider.jsm:1982:13
[Parent 7216, Gecko_IOThread] WARNING: pipe error: 109: file z:/task_1563383129/build/src/ipc/chromium/src/chrome/common/ipc_channel_win.cc, line 341
[Child 6580, Chrome_ChildThread] WARNING: pipe error: 109: file z:/task_1563383129/build/src/ipc/chromium/src/chrome/common/ipc_channel_win.cc, line 341
[Child 6580, Chrome_ChildThread] WARNING: pipe error: 109: file z:/task_1563383129/
###!!! [Child][RunMessage] Error: Channel closing: too late to send/recv, messages will be lost

[GPU 8456
###!!! [Child][MessageChannel::SendAndWait] Error: Channel error: cannot send/recv

1568354023707	mozrunner::runner	INFO	Running command: "C:\\Program Files\\Mozilla Firefox\\firefox.exe" "-marionette" "-foreground" "-no-remote" "-profile" "C:\\Users\\USER~1.DES\\AppData\\Local\\Temp\\rust_mozprofile.3W8OVCLFLqb1"
1568354025066	addons.webextension.screenshots@mozilla.org	WARN	Loading extension 'screenshots@mozilla.org': Reading manifest: Invalid extension permission: mozillaAddons
1568354025066	addons.webextension.screenshots@mozilla.org	WARN	Loading extension 'screenshots@mozilla.org': Reading manifest: Invalid extension permission: telemetry
1568354025067	addons.webextension.screenshots@mozilla.org	WARN	Loading extension 'screenshots@mozilla.org': Reading manifest: Invalid extension permission: resource://pdf.js/
1568354025067	addons.webextension.screenshots@mozilla.org	WARN	Loading extension 'screenshots@mozilla.org': Reading manifest: Invalid extension permission: about:reader*
1568354029999	Marionette	INFO	Listening on port 53997
1568354030495	Marionette	WARN	TLS certificate errors will be ignored for this session
IPDL protocol error: Handler returned error code!

###!!! [Parent][DispatchAsyncMessage] Error: PLayerTransaction::Msg_ReleaseLayer Processing error: message was deserialized, but the handler returned false (indicating failure)

IPDL protocol error: Handler returned error code!

###!!! [Parent][DispatchAsyncMessage] Error: PLayerTransaction::Msg_ReleaseLayer Processing error: message was deserialized, but the handler returned false (indicating failure)

IPDL protocol error: Handler returned error code!

###!!! [Parent][DispatchAsyncMessage] Error: PLayerTransaction::Msg_ReleaseLayer Processing error: message was deserialized, but the handler returned false (indicating failure)

IPDL protocol error: Handler returned error code!

###!!! [Parent][DispatchAsyncMessage] Error: PLayerTransaction::Msg_ReleaseLayer Processing error: message was deserialized, but the handler returned false (indicating failure)

IPDL protocol error: Handler returned error code!

###!!! [Parent][DispatchAsyncMessage] Error: PLayerTransaction::Msg_ReleaseLayer Processing error: message was deserialized, but the handler returned false (indicating failure)

[Parent 5872, Gecko_IOThread] WARNING: pipe error: 109: file z:/task_1563383129/build/src/ipc/chromium/src/chrome/common/ipc_channel_win.cc, line 341
[Parent 5872, Gecko_IOThread] WARNING: pipe error: 109: file z:/task_1563383129/build/src/ipc/chromium/src/chrome/common/ipc_channel_win.cc, line 341
[Child 13536, Chrome_ChildThread] WARNING: pipe error: 109: file z:/task_1563383129/build/src/ipc/chromium/src/chrome/common/ipc_channel_win.cc, line 341
[Child 131568354073340	Marionette	INFO	Stopped listening on port 53997

###!!! [Child][RunMessage] Error: Channel closing: too late to send/recv, messages will be lost

[GPU 12452,
###!!! [Child][MessageChannel::SendAndWait] Error: Channel error: cannot send/recv

1568354112668	mozrunner::runner	INFO	Running command: "C:\\Program Files\\Mozilla Firefox\\firefox.exe" "-marionette" "-foreground" "-no-remote" "-profile" "C:\\Users\\USER~1.DES\\AppData\\Local\\Temp\\rust_mozprofile.C3qW6hKVsFT8"
1568354113792	addons.webextension.screenshots@mozilla.org	WARN	Loading extension 'screenshots@mozilla.org': Reading manifest: Invalid extension permission: mozillaAddons
1568354113793	addons.webextension.screenshots@mozilla.org	WARN	Loading extension 'screenshots@mozilla.org': Reading manifest: Invalid extension permission: telemetry
1568354113793	addons.webextension.screenshots@mozilla.org	WARN	Loading extension 'screenshots@mozilla.org': Reading manifest: Invalid extension permission: resource://pdf.js/
1568354113793	addons.webextension.screenshots@mozilla.org	WARN	Loading extension 'screenshots@mozilla.org': Reading manifest: Invalid extension permission: about:reader*
1568354118669	Marionette	INFO	Listening on port 54060
1568354118755	Marionette	WARN	TLS certificate errors will be ignored for this session
console.error: BroadcastService: 
  receivedBroadcastMessage: handler for
  remote-settings/monitor_changes
  threw error:
  Message: Error: Polling for changes failed: http://%(server)s/dummy/blocklist//buckets/monitor/collections/changes/records?_expected=%221568312315669%22 is not a valid URL..
  Stack:
    remoteSettingsFunction/remoteSettings.pollChanges@resource://services-settings/remote-settings.js:201:13

IPDL protocol error: Handler returned error code!

###!!! [Parent][DispatchAsyncMessage] Error: PLayerTransaction::Msg_ReleaseLayer Processing error: message was deserialized, but the handler returned false (indicating failure)

IPDL protocol error: Handler returned error code!

###!!! [Parent][DispatchAsyncMessage] Error: PLayerTransaction::Msg_ReleaseLayer Processing error: message was deserialized, but the handler returned false (indicating failure)

IPDL protocol error: Handler returned error code!

###!!! [Parent][DispatchAsyncMessage] Error: PLayerTransaction::Msg_ReleaseLayer Processing error: message was deserialized, but the handler returned false (indicating failure)

IPDL protocol error: Handler returned error code!

###!!! [Parent][DispatchAsyncMessage] Error: PLayerTransaction::Msg_ReleaseLayer Processing error: message was deserialized, but the handler returned false (indicating failure)

IPDL protocol error: Handler returned error code!

###!!! [Parent][DispatchAsyncMessage] Error: PLayerTransaction::Msg_ReleaseLayer Processing error: message was deserialized, but the handler returned false (indicating failure)

[Parent 13812, Gecko_IOThread] WARNING: pipe error: 109: file z:/task_1563383129/build/src/ipc/chromium/src/chrome/common/ipc_channel_win.cc, line 341
[Child 3588, Chrome_ChildThread] WARNING: pipe error: 109: file z:/task_1563383129/build/src/ipc/chromium/src/chrome/common/ipc_channel_win.cc, line 341
[Child 3588,1568354461266	Marionette	INFO	Stopped listening on port 54060

###!!! [Child][RunMessage] Error: Channel closing: too late to send/recv, messages will be lost

[GPU 3848
###!!! [Child][MessageChannel::SendAndWait] Error: Channel error: cannot send/recv

1568356554828	mozrunner::runner	INFO	Running command: "C:\\Program Files\\Mozilla Firefox\\firefox.exe" "-marionette" "-foreground" "-no-remote" "-profile" "C:\\Users\\USER~1.DES\\AppData\\Local\\Temp\\rust_mozprofile.D3EPnpoOFnwv"
1568356555919	addons.webextension.screenshots@mozilla.org	WARN	Loading extension 'screenshots@mozilla.org': Reading manifest: Invalid extension permission: mozillaAddons
1568356555919	addons.webextension.screenshots@mozilla.org	WARN	Loading extension 'screenshots@mozilla.org': Reading manifest: Invalid extension permission: telemetry
1568356555919	addons.webextension.screenshots@mozilla.org	WARN	Loading extension 'screenshots@mozilla.org': Reading manifest: Invalid extension permission: resource://pdf.js/
1568356555919	addons.webextension.screenshots@mozilla.org	WARN	Loading extension 'screenshots@mozilla.org': Reading manifest: Invalid extension permission: about:reader*
1568356560068	Marionette	INFO	Listening on port 54619
1568356560361	Marionette	WARN	TLS certificate errors will be ignored for this session
[Parent 8060, Gecko_IOThread] WARNING: pipe error: 109: file z:/task_1563383129/build/src/ipc/chromium/src/chrome/common/ipc_channel_win.cc, line 341
[Child 13872, Chrome_ChildThread] WARNING: pipe error: 109: file z:/task_1563383129/build/src/ipc/chromium/src/chrome/common/ipc_channel_win.cc, line 341
[Child 1[Ch3872, Cild 12000, Chrome_ChildThread] WARNING: pipe error: 109: file z:/task_1563383129/build/src/ipc/chromium/src/chrome/common/ipc_channel_win.cc, line 341
[Child 12000, Chrome_ChildThread] WARNING: pipe error: 109: file z:/task_156[Parent 8060, Gecko_IOThread] WARNING: pipe error: 109: file z:/task_1563383129/build/src/ipc/chromium/src/chrome/common/ipc_channel_win.cc, line 341
1568356637972	Marionette	INFO	Stopped listening on port 54619

###!!! [Child][MessageChannel::SendAndWait] Error: Channel error: cannot send/recv

Reading manifest: Invalid extension permission: about:reader*
1568356616879	Marionette	INFO	Listening on port 54769
1568356617234	Marionette	WARN	TLS certificate errors will be ignored for this session
[Parent 13696, Gecko_IOThread] WARNING: pipe error: 109: file z:/task_1563383129/build/src/ipc/chromium/src/chrome/common/ipc_channel_win.cc, line 341
[Parent 13696, Gecko_IOThread] WARNING: pipe error: 109: file z:/task_1563383129/build/src/ipc/chromium/src/chrome/common/ipc_channel_win.cc, line 341
[Child 13788, Chrome_ChildThread] WARNING: pipe error: 109: file z:/task_1563383129/build/src/ipc/chromium/src/chrome/common/ipc_channel_win.cc, line 341
[Child 137[Parent 13696, Gecko_IOThread] WARNING: pipe error: 109: file z:/task_1563383129/build/src/ipc/chromium/src/chrome/common/ipc_channel_win.cc, line 341
[Child 4864, Chrome_ChildThread] WARNING: pipe error: 109: file z:/task_1563383129/build/src/ipc/chromium/src/chrome/common/ipc_channel_win.cc, line 341
[Child 4864, 1568356648082	mozrunner::runner	INFO	Running command: "C:\\Program Files\\Mozilla Firefox\\firefox.exe" "-marionette" "-foreground" "-no-remote" "-profile" "C:\\Users\\USER~1.DES\\AppData\\Local\\Temp\\rust_mozprofile.Vhv0dE1Cf9IA"
1568356649556	addons.webextension.screenshots@mozilla.org	WARN	Loading extension 'screenshots@mozilla.org': Reading manifest: Invalid extension permission: mozillaAddons
1568356649557	addons.webextension.screenshots@mozilla.org	WARN	Loading extension 'screenshots@mozilla.org': Reading manifest: Invalid extension permission: telemetry
1568356649557	addons.webextension.screenshots@mozilla.org	WARN	Loading extension 'screenshots@mozilla.org': Reading manifest: Invalid extension permission: resource://pdf.js/
1568356649558	addons.webextension.screenshots@mozilla.org	WARN	Loading extension 'screenshots@mozilla.org': Reading manifest: Invalid extension permission: about:reader*
1568356654286	Marionette	INFO	Listening on port 54844
1568356654301	Marionette	WARN	TLS certificate errors will be ignored for this session
[Parent 14952, Gecko_IOThread] WARNING: pipe error: 109: file z:/task_1563383129/build/src/ipc/chromium/src/chrome/common/ipc_channel_win.cc, line 341
[Parent 14952, Gecko_IOThread] WARNING: pipe error: 109: file z:/task_1563383129/build/src/ipc/chromium/src/chrome/common/ipc_channel_win.cc, line 341
[Child 15248, Chrome_ChildThread] WARNING: pipe error: 109: file z:/task_1563383129/build/src/ipc/chromium/src/chrome/common/ipc_channel_win.cc, line 341
[Child 15248, Chrome_ChildThread] WARNING[Parent 14952, Gecko_IOThread] WARNING: pipe error: 109: file z:/task_1563383129/build/src/ipc/chromium/src/chrome/common/ipc_channel_win.cc, line 341
[Child 15216, Chrome_ChildThread] WARNING: pipe error: 109: file z:/task_1563383129/build/src/ipc/chromium/src/chrome/common/ipc_channel_win.cc, line 341
[Child 1568356672663	Marionette	INFO	Stopped listening on port 54844
[GP
###!!! [Child][RunMessage] Error: Channel closing: too late to send/recv, messages will be lost

U 1510
###!!! [Child][MessageChannel::SendAndWait] Error: Channel error: cannot send/recv

1568356679153	mozrunner::runner	INFO	Running command: "C:\\Program Files\\Mozilla Firefox\\firefox.exe" "-marionette" "-foreground" "-no-remote" "-profile" "C:\\Users\\USER~1.DES\\AppData\\Local\\Temp\\rust_mozprofile.rCS8ILA3mNUw"
1568356680296	addons.webextension.screenshots@mozilla.org	WARN	Loading extension 'screenshots@mozilla.org': Reading manifest: Invalid extension permission: mozillaAddons
1568356680297	addons.webextension.screenshots@mozilla.org	WARN	Loading extension 'screenshots@mozilla.org': Reading manifest: Invalid extension permission: telemetry
1568356680297	addons.webextension.screenshots@mozilla.org	WARN	Loading extension 'screenshots@mozilla.org': Reading manifest: Invalid extension permission: resource://pdf.js/
1568356680297	addons.webextension.screenshots@mozilla.org	WARN	Loading extension 'screenshots@mozilla.org': Reading manifest: Invalid extension permission: about:reader*
1568356685257	Marionette	INFO	Listening on port 54902
1568356685291	Marionette	WARN	TLS certificate errors will be ignored for this session
[Parent 7160, Gecko_IOThread] WARNING: pipe error: 109: file z:/task_1563383129/build/src/ipc/chromium/src/chrome/common/ipc_channel_win.cc, line 341
[Parent 7160, Gecko_IOThread] WARNING: pipe error: 109: file z:/task_1563383129/build/src/ipc/chromium/src/chrome/common/ipc_channel_win.cc, line 341
[Child 14396, Chrome_ChildThread] WARNING: pipe error: 109: file z:/task_1563383129/build/src/ipc/chromium/src/chrome/common/ipc_channel_win.cc, line 341
[Child 14396, Chrome_ChildThread[Parent 7160, Gecko_IOThread] WARNING: pipe error: 109: file z:/task_1563383129/build/src/ipc/chromium/src/chrome/common/ipc_channel_win.cc, line 341
[Child 6436, Chrome_ChildThread] WARNING: pipe error: 109: file z:/task_1563383129/build/src/ipc/chromium/src/chrome/common/ipc_channel_win.cc, line 341
[Child 6436, Chrome_ChildThread] WARNING: pipe error: 109: file z:/task_1563383129/build/src/ipc/chromium/src/chrome/common/ipc_channel_win.cc, line 341
1568356723266	Marionette	INFO	Stopped listening on port 54902

###!!! [Child][RunMessage] Error: Channel closing: too late to send/recv, messages will be lost

[GPU 13604, Chrome_ChildThre
###!!! [Child][MessageChannel::SendAndWait] Error: Channel error: cannot send/recv

1568356730843	mozrunner::runner	INFO	Running command: "C:\\Program Files\\Mozilla Firefox\\firefox.exe" "-marionette" "-foreground" "-no-remote" "-profile" "C:\\Users\\USER~1.DES\\AppData\\Local\\Temp\\rust_mozprofile.6mNdHMpKkkQ8"
1568356732318	addons.webextension.screenshots@mozilla.org	WARN	Loading extension 'screenshots@mozilla.org': Reading manifest: Invalid extension permission: mozillaAddons
1568356732318	addons.webextension.screenshots@mozilla.org	WARN	Loading extension 'screenshots@mozilla.org': Reading manifest: Invalid extension permission: telemetry
1568356732319	addons.webextension.screenshots@mozilla.org	WARN	Loading extension 'screenshots@mozilla.org': Reading manifest: Invalid extension permission: resource://pdf.js/
1568356732319	addons.webextension.screenshots@mozilla.org	WARN	Loading extension 'screenshots@mozilla.org': Reading manifest: Invalid extension permission: about:reader*
1568356737797	Marionette	INFO	Listening on port 54969
1568356738025	Marionette	WARN	TLS certificate errors will be ignored for this session
[Parent 15332, Gecko_IOThread] WARNING: pipe error: 109: file z:/task_1563383129/build/src/ipc/chromium/src/chrome/common/ipc_channel_win.cc, line 341
[Parent 15332, Gecko_IOThread] WARNING: pipe error: 109: file z:/task_1563383129/build/src/ipc/chromium/src/chrome/common/ipc_channel_win.cc, line 341
[Child 980, Chrome_ChildThread] WARNING: pipe error: 109: file z:/task_1563383129/build/src/ipc/chromium/src/chrome/common/ipc_channel_win.cc, line 341
[Child 91568356780448	mozrunner::runner	INFO	Running command: "C:\\Program Files\\Mozilla Firefox\\firefox.exe" "-marionette" "-foreground" "-no-remote" "-profile" "C:\\Users\\USER~1.DES\\AppData\\Local\\Temp\\rust_mozprofile.yDrquZf6bBUt"
1568356781749	addons.webextension.screenshots@mozilla.org	WARN	Loading extension 'screenshots@mozilla.org': Reading manifest: Invalid extension permission: mozillaAddons
1568356781749	addons.webextension.screenshots@mozilla.org	WARN	Loading extension 'screenshots@mozilla.org': Reading manifest: Invalid extension permission: telemetry
1568356781749	addons.webextension.screenshots@mozilla.org	WARN	Loading extension 'screenshots@mozilla.org': Reading manifest: Invalid extension permission: resource://pdf.js/
1568356781749	addons.webextension.screenshots@mozilla.org	WARN	Loading extension 'screenshots@mozilla.org': Reading manifest: Invalid extension permission: about:reader*
1568356788079	Marionette	INFO	Listening on port 55033
1568356788164	Marionette	WARN	TLS certificate errors will be ignored for this session
JavaScript error: resource://gre/modules/WebNavigationFrames.jsm, line 43: TypeError: window is null
1568356867346	mozrunner::runner	INFO	Running command: "C:\\Program Files\\Mozilla Firefox\\firefox.exe" "-marionette" "-foreground" "-no-remote" "-profile" "C:\\Users\\USER~1.DES\\AppData\\Local\\Temp\\rust_mozprofile.peUTf5GuZl3J"
1568356869446	addons.webextension.screenshots@mozilla.org	WARN	Loading extension 'screenshots@mozilla.org': Reading manifest: Invalid extension permission: mozillaAddons
1568356869446	addons.webextension.screenshots@mozilla.org	WARN	Loading extension 'screenshots@mozilla.org': Reading manifest: Invalid extension permission: telemetry
1568356869447	addons.webextension.screenshots@mozilla.org	WARN	Loading extension 'screenshots@mozilla.org': Reading manifest: Invalid extension permission: resource://pdf.js/
1568356869447	addons.webextension.screenshots@mozilla.org	WARN	Loading extension 'screenshots@mozilla.org': Reading manifest: Invalid extension permission: about:reader*
1568356874714	Marionette	INFO	Listening on port 55108
1568356875104	Marionette	WARN	TLS certificate errors will be ignored for this session
[Child 8968, Chrome_ChildThread] WARNING: pipe error: 109: file z:/task_1563383129/build/src/ipc/chromium/src/chrome/common/ipc_channel_win.cc, line 341
[Child 8968, Chr[Child 15272, Chrome_ChildThread] WARNING: pipe error: 109: file z:/task_1563383129/build/src/ipc/chromium/src/chrome/common/ipc_channel_win.cc, line 341
[Child 15272, Chrome_ChildThread] WARNING: pipe error: 109: file z:/task_1563383129/build/src/ipc/chromium/sr1568356987749	Marionette	INFO	Stopped listening on port 55108

###!!! [Child][RunMessage] Error: Channel closing: too late to send/recv, messages will be lost

[GPU 1374
###!!! [Child][MessageChannel::SendAndWait] Error: Channel error: cannot send/recv

 Invalid extension permission: resource://pdf.js/
1568356941617	addons.webextension.screenshots@mozilla.org	WARN	Loading extension 'screenshots@mozilla.org': Reading manifest: Invalid extension permission: about:reader*
1568356947200	Marionette	INFO	Listening on port 55269
1568356947546	Marionette	WARN	TLS certificate errors will be ignored for this session
[Child 8784, Chrome_ChildThread] WARNING: pipe error: 109: file z:/task_1563383129/build/src/ipc/chromium/src/chrome/common/ipc_channel_win.cc, line 341
[Child 8784, Chrome_Chil
###!!! [Child][MessageChannel] Error: (msgtype=0x530005,name=PHttpChannel::Msg_Cancel) Closed channel: cannot send/recv

dThread] WARNING: pi1568356966753	Marionette	INFO	Stopped listening on port 55269

###!!! [Child][RunMessage] Error: Channel closing: too late to send/recv, messages will be lost

[GPU 214
###!!! [Child][MessageChannel::SendAndWait] Error: Channel error: cannot send/recv

1568356992356	mozrunner::runner	INFO	Running command: "C:\\Program Files\\Mozilla Firefox\\firefox.exe" "-marionette" "-foreground" "-no-remote" "-profile" "C:\\Users\\USER~1.DES\\AppData\\Local\\Temp\\rust_mozprofile.Mdyk93Gy88AQ"
1568356993915	addons.webextension.screenshots@mozilla.org	WARN	Loading extension 'screenshots@mozilla.org': Reading manifest: Invalid extension permission: mozillaAddons
1568356993916	addons.webextension.screenshots@mozilla.org	WARN	Loading extension 'screenshots@mozilla.org': Reading manifest: Invalid extension permission: telemetry
1568356993916	addons.webextension.screenshots@mozilla.org	WARN	Loading extension 'screenshots@mozilla.org': Reading manifest: Invalid extension permission: resource://pdf.js/
1568356993916	addons.webextension.screenshots@mozilla.org	WARN	Loading extension 'screenshots@mozilla.org': Reading manifest: Invalid extension permission: about:reader*
1568356999716	Marionette	INFO	Listening on port 55366
1568357000050	Marionette	WARN	TLS certificate errors will be ignored for this session
console.error: BroadcastService: 
  receivedBroadcastMessage: handler for
  remote-settings/monitor_changes
  threw error:
  Message: Error: Polling for changes failed: http://%(server)s/dummy/blocklist//buckets/monitor/collections/changes/records?_expected=%221568312315669%22 is not a valid URL..
  Stack:
    remoteSettingsFunction/remoteSettings.pollChanges@resource://services-settings/remote-settings.js:201:13

[Parent 9032, Gecko_IOThread] WARNING: pipe error: 109: file z:/task_1563383129/build/src/ipc/chromium/src/chrome/common/ipc_channel_win.cc, line 341
[Child 1472, Chrome_ChildThread] WARNING: pipe error: 109: file z:/task_1563383129/build/src/ipc/chromium/src/chrome/common/ipc_channel_win.cc, line 341
[Child 1472, C[Parent 9032, Gecko_IOThread] WARNING: pipe error: 109: file z:/task_1563383129/build/src/ipc/chromium/src/chrome/common/ipc_channel_win.cc, line 341
[Child 13444, Chrome_ChildThread] WARNING: pipe error: 109: file z:/task_1563383129/build/src/ipc/chromium/src/chrome/common/ipc_channel_win.cc, line 341
[Child 13444, Chrome_ChildThread] WARNING: pipe error: 109: file z:/task_1563383129/build/src/ipc/chromium/src/chrome/common/ipc_channel_win.cc, line 341
[Parent 9032, Gecko_IOThread] WARNING: pipe error: 109: file z:/task_1563383129/build/src/ipc/chromium/src/chrome/common/ipc_channel_win.cc, line 341
1568357071879	Marionette	INFO	Stopped listening on port 55366

###!!! [Child][RunMessage] Error: Channel closing: too late to send/recv, messages will be lost

[GPU 
###!!! [Child][MessageChannel::SendAndWait] Error: Channel error: cannot send/recv

